c:\users\lukec\submarine-mayhem\code\submarine-mayhem_v1\sfml-thomas-was-late-chapter-18\x64\debug\vc143.pdb
c:\users\lukec\submarine-mayhem\code\submarine-mayhem_v1\sfml-thomas-was-late-chapter-18\x64\debug\vc143.idb
c:\users\lukec\submarine-mayhem\code\submarine-mayhem_v1\sfml-thomas-was-late-chapter-18\x64\debug\thomas.obj
c:\users\lukec\submarine-mayhem\code\submarine-mayhem_v1\sfml-thomas-was-late-chapter-18\x64\debug\textureholder.obj
c:\users\lukec\submarine-mayhem\code\submarine-mayhem_v1\sfml-thomas-was-late-chapter-18\x64\debug\soundmanager.obj
c:\users\lukec\submarine-mayhem\code\submarine-mayhem_v1\sfml-thomas-was-late-chapter-18\x64\debug\populateemitters.obj
c:\users\lukec\submarine-mayhem\code\submarine-mayhem_v1\sfml-thomas-was-late-chapter-18\x64\debug\playablecharacter.obj
c:\users\lukec\submarine-mayhem\code\submarine-mayhem_v1\sfml-thomas-was-late-chapter-18\x64\debug\pickup.obj
c:\users\lukec\submarine-mayhem\code\submarine-mayhem_v1\sfml-thomas-was-late-chapter-18\x64\debug\particlesystem.obj
c:\users\lukec\submarine-mayhem\code\submarine-mayhem_v1\sfml-thomas-was-late-chapter-18\x64\debug\particle.obj
c:\users\lukec\submarine-mayhem\code\submarine-mayhem_v1\sfml-thomas-was-late-chapter-18\x64\debug\main.obj
c:\users\lukec\submarine-mayhem\code\submarine-mayhem_v1\sfml-thomas-was-late-chapter-18\x64\debug\loadlevel.obj
c:\users\lukec\submarine-mayhem\code\submarine-mayhem_v1\sfml-thomas-was-late-chapter-18\x64\debug\levelmanager.obj
c:\users\lukec\submarine-mayhem\code\submarine-mayhem_v1\sfml-thomas-was-late-chapter-18\x64\debug\input.obj
c:\users\lukec\submarine-mayhem\code\submarine-mayhem_v1\sfml-thomas-was-late-chapter-18\x64\debug\hud.obj
c:\users\lukec\submarine-mayhem\code\submarine-mayhem_v1\sfml-thomas-was-late-chapter-18\x64\debug\engine.obj
c:\users\lukec\submarine-mayhem\code\submarine-mayhem_v1\sfml-thomas-was-late-chapter-18\x64\debug\draw.obj
c:\users\lukec\submarine-mayhem\code\submarine-mayhem_v1\sfml-thomas-was-late-chapter-18\x64\debug\detectcollisions.obj
c:\users\lukec\submarine-mayhem\code\submarine-mayhem_v1\sfml-thomas-was-late-chapter-18\x64\debug\bullet.obj
c:\users\lukec\submarine-mayhem\code\submarine-mayhem_v1\sfml-thomas-was-late-chapter-18\x64\debug\bob.obj
c:\users\lukec\submarine-mayhem\code\submarine-mayhem_v1\sfml-thomas-was-late-chapter-18\x64\debug\update.obj
c:\users\lukec\submarine-mayhem\code\submarine-mayhem_v1\x64\debug\submarine-mayhem.exe
c:\users\lukec\submarine-mayhem\code\submarine-mayhem_v1\sfml-thomas-was-late-chapter-18\x64\debug\submarine-mayhem.ilk
c:\users\lukec\submarine-mayhem\code\submarine-mayhem_v1\x64\debug\submarine-mayhem.pdb
c:\users\lukec\submarine-mayhem\code\submarine-mayhem_v1\sfml-thomas-was-late-chapter-18\x64\debug\pickup.obj.enc
c:\users\lukec\submarine-mayhem\code\submarine-mayhem_v1\sfml-thomas-was-late-chapter-18\x64\debug\submarine-mayhem.tlog\cl.command.1.tlog
c:\users\lukec\submarine-mayhem\code\submarine-mayhem_v1\sfml-thomas-was-late-chapter-18\x64\debug\submarine-mayhem.tlog\cl.items.tlog
c:\users\lukec\submarine-mayhem\code\submarine-mayhem_v1\sfml-thomas-was-late-chapter-18\x64\debug\submarine-mayhem.tlog\cl.read.1.tlog
c:\users\lukec\submarine-mayhem\code\submarine-mayhem_v1\sfml-thomas-was-late-chapter-18\x64\debug\submarine-mayhem.tlog\cl.write.1.tlog
c:\users\lukec\submarine-mayhem\code\submarine-mayhem_v1\sfml-thomas-was-late-chapter-18\x64\debug\submarine-mayhem.tlog\link.command.1.tlog
c:\users\lukec\submarine-mayhem\code\submarine-mayhem_v1\sfml-thomas-was-late-chapter-18\x64\debug\submarine-mayhem.tlog\link.read.1.tlog
c:\users\lukec\submarine-mayhem\code\submarine-mayhem_v1\sfml-thomas-was-late-chapter-18\x64\debug\submarine-mayhem.tlog\link.write.1.tlog
